2018-01-01 16:01:32[read]:0,9,9,0,28,151
2018-01-01 16:01:32[select value from seq where name = ?]:0,8,8,0,14,63
2018-01-01 16:01:32[select * from i_category where s_status=0 and type = ? and organized_id = ? order by sort desc limit ?,?]:0,1,1,0,151,151
2018-01-01 16:01:42[read]:0,7,7,0,34,58
2018-01-01 16:01:42[select * from i_category where s_status=0 and type = ? and organized_id = ? order by id asc limit ?,?]:0,3,3,0,43,58
2018-01-01 16:01:42[select * from i_front_category where s_status in (0,-2) and type = ? and is_show = ? and structure = ? order by sort desc , id asc limit ?,?]:0,1,1,0,39,39
2018-01-01 16:01:42[select biz_id,table_name,gmt_modified from statistics_table_controller where biz_id = ? order by gmt_modified desc limit 1]:0,1,1,0,9,9
2018-01-01 16:01:42[select * from i_category_relation where s_status=0 and city_code = ? and isp = ? and structure = ? limit ?,?]:0,1,1,0,52,52
2018-01-01 16:01:42[select id,name,type,img_url,city,create_user_id,gmt_create,gmt_modify from i_corner_mark where is_deleted=0 and is_corner_mark=1]:0,1,1,0,8,8
2018-01-01 16:01:52[read]:0,1,1,0,12,12
2018-01-01 16:01:52[select biz_id,table_name,gmt_modified from statistics_table_controller where biz_id = ? order by gmt_modified desc limit 1]:0,1,1,0,12,12
2018-01-01 16:02:02[read]:0,1,1,0,40,40
2018-01-01 16:02:02[select biz_id,table_name,gmt_modified from statistics_table_controller where biz_id = ? order by gmt_modified desc limit 1]:0,1,1,0,40,40
2018-01-01 16:02:12[read]:0,1,1,0,12,12
2018-01-01 16:02:12[select biz_id,table_name,gmt_modified from statistics_table_controller where biz_id = ? order by gmt_modified desc limit 1]:0,1,1,0,13,13
2018-01-01 16:02:22[read]:0,1,1,0,338,338
2018-01-01 16:02:22[select biz_id,table_name,gmt_modified from statistics_table_controller where biz_id = ? order by gmt_modified desc limit 1]:0,1,1,0,338,338
2018-01-01 16:02:32[read]:0,1,1,0,311,311
2018-01-01 16:02:32[select biz_id,table_name,gmt_modified from statistics_table_controller where biz_id = ? order by gmt_modified desc limit 1]:0,1,1,0,311,311
2018-01-01 16:02:42[read]:0,1,1,0,13,13
2018-01-01 16:02:42[select biz_id,table_name,gmt_modified from statistics_table_controller where biz_id = ? order by gmt_modified desc limit 1]:0,1,1,0,13,13
2018-01-01 16:02:52[read]:0,1,1,0,8,8
2018-01-01 16:02:52[select biz_id,table_name,gmt_modified from statistics_table_controller where biz_id = ? order by gmt_modified desc limit 1]:0,1,1,0,8,8
2018-01-01 16:03:02[read]:0,1,1,0,7,7
2018-01-01 16:03:02[select biz_id,table_name,gmt_modified from statistics_table_controller where biz_id = ? order by gmt_modified desc limit 1]:0,1,1,0,7,7
2018-01-01 16:03:12[read]:0,1,1,0,9,9
2018-01-01 16:03:12[select biz_id,table_name,gmt_modified from statistics_table_controller where biz_id = ? order by gmt_modified desc limit 1]:0,1,1,0,9,9
2018-01-01 16:03:22[read]:0,1,1,0,11,11
2018-01-01 16:03:22[select biz_id,table_name,gmt_modified from statistics_table_controller where biz_id = ? order by gmt_modified desc limit 1]:0,1,1,0,11,11
2018-01-01 16:03:32[read]:0,1,1,0,8,8
2018-01-01 16:03:32[select biz_id,table_name,gmt_modified from statistics_table_controller where biz_id = ? order by gmt_modified desc limit 1]:0,1,1,0,8,8
2018-01-01 16:03:42[read]:0,1,1,0,27,27
2018-01-01 16:03:42[select biz_id,table_name,gmt_modified from statistics_table_controller where biz_id = ? order by gmt_modified desc limit 1]:0,1,1,0,27,27
2018-01-01 16:03:52[read]:0,1,1,0,8,8
2018-01-01 16:03:52[select biz_id,table_name,gmt_modified from statistics_table_controller where biz_id = ? order by gmt_modified desc limit 1]:0,1,1,0,8,8
2018-01-01 16:04:02[read]:0,1,1,0,7,7
2018-01-01 16:04:02[select biz_id,table_name,gmt_modified from statistics_table_controller where biz_id = ? order by gmt_modified desc limit 1]:0,1,1,0,7,7
2018-01-01 16:04:12[read]:0,1,1,0,7,7
2018-01-01 16:04:12[select biz_id,table_name,gmt_modified from statistics_table_controller where biz_id = ? order by gmt_modified desc limit 1]:0,1,1,0,7,7
2018-01-01 16:04:22[read]:0,1,1,0,8,8
2018-01-01 16:04:22[select biz_id,table_name,gmt_modified from statistics_table_controller where biz_id = ? order by gmt_modified desc limit 1]:0,1,1,0,9,9
2018-01-01 16:04:32[read]:0,1,1,0,14,14
2018-01-01 16:04:32[select biz_id,table_name,gmt_modified from statistics_table_controller where biz_id = ? order by gmt_modified desc limit 1]:0,1,1,0,14,14
2018-01-01 16:04:42[read]:0,1,1,0,15,15
2018-01-01 16:04:42[select biz_id,table_name,gmt_modified from statistics_table_controller where biz_id = ? order by gmt_modified desc limit 1]:0,1,1,0,15,15
2018-01-01 16:04:52[read]:0,1,1,0,7,7
2018-01-01 16:04:52[select biz_id,table_name,gmt_modified from statistics_table_controller where biz_id = ? order by gmt_modified desc limit 1]:0,1,1,0,7,7
2018-01-01 16:05:02[read]:0,1,1,0,8,8
2018-01-01 16:05:02[select biz_id,table_name,gmt_modified from statistics_table_controller where biz_id = ? order by gmt_modified desc limit 1]:0,1,1,0,8,8
2018-01-01 16:05:12[read]:0,1,1,0,8,8
2018-01-01 16:05:12[select biz_id,table_name,gmt_modified from statistics_table_controller where biz_id = ? order by gmt_modified desc limit 1]:0,1,1,0,8,8
2018-01-01 16:05:22[read]:0,1,1,0,32,32
2018-01-01 16:05:22[select biz_id,table_name,gmt_modified from statistics_table_controller where biz_id = ? order by gmt_modified desc limit 1]:0,1,1,0,32,32
2018-01-01 16:05:32[read]:0,1,1,0,9,9
2018-01-01 16:05:32[select biz_id,table_name,gmt_modified from statistics_table_controller where biz_id = ? order by gmt_modified desc limit 1]:0,1,1,0,9,9
2018-01-01 16:05:42[read]:0,1,1,0,17,17
2018-01-01 16:05:42[select biz_id,table_name,gmt_modified from statistics_table_controller where biz_id = ? order by gmt_modified desc limit 1]:0,1,1,0,18,18
2018-01-01 16:05:52[read]:0,1,1,0,10,10
2018-01-01 16:05:52[select biz_id,table_name,gmt_modified from statistics_table_controller where biz_id = ? order by gmt_modified desc limit 1]:0,1,1,0,10,10
2018-01-01 16:06:02[read]:0,1,1,0,7,7
2018-01-01 16:06:02[select biz_id,table_name,gmt_modified from statistics_table_controller where biz_id = ? order by gmt_modified desc limit 1]:0,1,1,0,7,7
2018-01-01 16:06:12[read]:0,1,1,0,17,17
2018-01-01 16:06:12[select biz_id,table_name,gmt_modified from statistics_table_controller where biz_id = ? order by gmt_modified desc limit 1]:0,1,1,0,18,18
2018-01-01 16:06:22[read]:0,1,1,0,8,8
2018-01-01 16:06:22[select biz_id,table_name,gmt_modified from statistics_table_controller where biz_id = ? order by gmt_modified desc limit 1]:0,1,1,0,8,8
2018-01-01 16:06:55[read]:0,1,1,0,10,10
2018-01-01 16:06:55[select biz_id,table_name,gmt_modified from statistics_table_controller where biz_id = ? order by gmt_modified desc limit 1]:0,1,1,0,10,10
2018-01-01 16:07:12[read]:0,1,1,0,8,8
2018-01-01 16:07:12[select biz_id,table_name,gmt_modified from statistics_table_controller where biz_id = ? order by gmt_modified desc limit 1]:0,1,1,0,8,8
2018-01-01 16:07:22[read]:0,1,1,0,28,28
2018-01-01 16:07:22[select biz_id,table_name,gmt_modified from statistics_table_controller where biz_id = ? order by gmt_modified desc limit 1]:0,1,1,0,28,28
2018-01-01 16:07:32[read]:0,1,1,0,8,8
2018-01-01 16:07:32[select biz_id,table_name,gmt_modified from statistics_table_controller where biz_id = ? order by gmt_modified desc limit 1]:0,1,1,0,8,8
2018-01-01 16:07:42[read]:0,1,1,0,13,13
2018-01-01 16:07:42[select biz_id,table_name,gmt_modified from statistics_table_controller where biz_id = ? order by gmt_modified desc limit 1]:0,1,1,0,13,13
2018-01-01 16:07:52[read]:0,1,1,0,9,9
2018-01-01 16:07:52[select biz_id,table_name,gmt_modified from statistics_table_controller where biz_id = ? order by gmt_modified desc limit 1]:0,1,1,0,9,9
2018-01-01 16:08:02[read]:0,1,1,0,9,9
2018-01-01 16:08:02[select biz_id,table_name,gmt_modified from statistics_table_controller where biz_id = ? order by gmt_modified desc limit 1]:0,1,1,0,9,9
2018-01-01 16:08:12[read]:0,1,1,0,11,11
2018-01-01 16:08:12[select biz_id,table_name,gmt_modified from statistics_table_controller where biz_id = ? order by gmt_modified desc limit 1]:0,1,1,0,11,11
2018-01-01 16:08:22[read]:0,1,1,0,18,18
2018-01-01 16:08:22[select biz_id,table_name,gmt_modified from statistics_table_controller where biz_id = ? order by gmt_modified desc limit 1]:0,1,1,0,18,18
2018-01-01 16:08:32[read]:0,1,1,0,8,8
2018-01-01 16:08:32[select biz_id,table_name,gmt_modified from statistics_table_controller where biz_id = ? order by gmt_modified desc limit 1]:0,1,1,0,8,8
2018-01-01 16:08:42[read]:0,1,1,0,8,8
2018-01-01 16:08:42[select biz_id,table_name,gmt_modified from statistics_table_controller where biz_id = ? order by gmt_modified desc limit 1]:0,1,1,0,8,8
2018-01-01 16:08:52[read]:0,1,1,0,336,336
2018-01-01 16:08:52[select biz_id,table_name,gmt_modified from statistics_table_controller where biz_id = ? order by gmt_modified desc limit 1]:0,1,1,0,336,336
2018-01-01 16:09:02[read]:0,1,1,0,42,42
2018-01-01 16:09:02[select biz_id,table_name,gmt_modified from statistics_table_controller where biz_id = ? order by gmt_modified desc limit 1]:0,1,1,0,42,42
2018-01-01 16:09:12[read]:0,1,1,0,33,33
2018-01-01 16:09:12[select biz_id,table_name,gmt_modified from statistics_table_controller where biz_id = ? order by gmt_modified desc limit 1]:0,1,1,0,33,33
2018-01-01 16:09:22[read]:0,1,1,0,8,8
2018-01-01 16:09:22[select biz_id,table_name,gmt_modified from statistics_table_controller where biz_id = ? order by gmt_modified desc limit 1]:0,1,1,0,8,8
2018-01-01 16:09:32[read]:0,1,1,0,8,8
2018-01-01 16:09:32[select biz_id,table_name,gmt_modified from statistics_table_controller where biz_id = ? order by gmt_modified desc limit 1]:0,1,1,0,9,9
2018-01-01 16:09:42[read]:0,1,1,0,11,11
2018-01-01 16:09:42[select biz_id,table_name,gmt_modified from statistics_table_controller where biz_id = ? order by gmt_modified desc limit 1]:0,1,1,0,11,11
2018-01-01 16:09:52[read]:0,1,1,0,22,22
2018-01-01 16:09:52[select biz_id,table_name,gmt_modified from statistics_table_controller where biz_id = ? order by gmt_modified desc limit 1]:0,1,1,0,22,22
2018-01-01 16:10:02[read]:0,1,1,0,7,7
2018-01-01 16:10:02[select biz_id,table_name,gmt_modified from statistics_table_controller where biz_id = ? order by gmt_modified desc limit 1]:0,1,1,0,7,7
2018-01-01 16:10:12[read]:0,1,1,0,9,9
2018-01-01 16:10:12[select biz_id,table_name,gmt_modified from statistics_table_controller where biz_id = ? order by gmt_modified desc limit 1]:0,1,1,0,9,9
2018-01-01 16:10:22[read]:0,1,1,0,7,7
2018-01-01 16:10:22[select biz_id,table_name,gmt_modified from statistics_table_controller where biz_id = ? order by gmt_modified desc limit 1]:0,1,1,0,7,7
2018-01-01 16:10:32[read]:0,1,1,0,8,8
2018-01-01 16:10:32[select biz_id,table_name,gmt_modified from statistics_table_controller where biz_id = ? order by gmt_modified desc limit 1]:0,1,1,0,8,8
2018-01-01 16:10:42[read]:0,1,1,0,10,10
2018-01-01 16:10:42[select biz_id,table_name,gmt_modified from statistics_table_controller where biz_id = ? order by gmt_modified desc limit 1]:0,1,1,0,10,10
2018-01-01 16:10:52[read]:0,1,1,0,18,18
2018-01-01 16:10:52[select biz_id,table_name,gmt_modified from statistics_table_controller where biz_id = ? order by gmt_modified desc limit 1]:0,1,1,0,18,18
2018-01-01 16:11:02[read]:0,1,1,0,9,9
2018-01-01 16:11:02[select biz_id,table_name,gmt_modified from statistics_table_controller where biz_id = ? order by gmt_modified desc limit 1]:0,1,1,0,9,9
2018-01-01 16:11:12[read]:0,1,1,0,8,8
2018-01-01 16:11:12[select biz_id,table_name,gmt_modified from statistics_table_controller where biz_id = ? order by gmt_modified desc limit 1]:0,1,1,0,8,8
2018-01-01 16:11:22[read]:0,1,1,0,25,25
2018-01-01 16:11:22[select biz_id,table_name,gmt_modified from statistics_table_controller where biz_id = ? order by gmt_modified desc limit 1]:0,1,1,0,25,25
2018-01-01 16:11:32[read]:0,1,1,0,7,7
2018-01-01 16:11:32[select biz_id,table_name,gmt_modified from statistics_table_controller where biz_id = ? order by gmt_modified desc limit 1]:0,1,1,0,7,7
2018-01-01 16:11:42[read]:0,1,1,0,8,8
2018-01-01 16:11:42[select biz_id,table_name,gmt_modified from statistics_table_controller where biz_id = ? order by gmt_modified desc limit 1]:0,1,1,0,8,8
2018-01-01 16:11:52[read]:0,1,1,0,7,7
2018-01-01 16:11:52[select biz_id,table_name,gmt_modified from statistics_table_controller where biz_id = ? order by gmt_modified desc limit 1]:0,1,1,0,7,7
2018-01-01 16:12:02[read]:0,1,1,0,8,8
2018-01-01 16:12:02[select biz_id,table_name,gmt_modified from statistics_table_controller where biz_id = ? order by gmt_modified desc limit 1]:0,1,1,0,8,8
2018-01-01 16:12:12[read]:0,1,1,0,8,8
2018-01-01 16:12:12[select biz_id,table_name,gmt_modified from statistics_table_controller where biz_id = ? order by gmt_modified desc limit 1]:0,1,1,0,8,8
2018-01-01 16:12:22[read]:0,1,1,0,9,9
2018-01-01 16:12:22[select biz_id,table_name,gmt_modified from statistics_table_controller where biz_id = ? order by gmt_modified desc limit 1]:0,1,1,0,9,9
2018-01-01 16:12:32[read]:0,1,1,0,8,8
2018-01-01 16:12:32[select biz_id,table_name,gmt_modified from statistics_table_controller where biz_id = ? order by gmt_modified desc limit 1]:0,1,1,0,8,8
2018-01-01 16:12:42[read]:0,1,1,0,7,7
2018-01-01 16:12:42[select biz_id,table_name,gmt_modified from statistics_table_controller where biz_id = ? order by gmt_modified desc limit 1]:0,1,1,0,7,7
2018-01-01 16:12:52[read]:0,1,1,0,9,9
2018-01-01 16:12:52[select biz_id,table_name,gmt_modified from statistics_table_controller where biz_id = ? order by gmt_modified desc limit 1]:0,1,1,0,9,9
2018-01-01 16:13:02[read]:0,1,1,0,8,8
2018-01-01 16:13:02[select biz_id,table_name,gmt_modified from statistics_table_controller where biz_id = ? order by gmt_modified desc limit 1]:0,1,1,0,8,8
2018-01-01 16:13:12[read]:0,1,1,0,8,8
2018-01-01 16:13:12[select biz_id,table_name,gmt_modified from statistics_table_controller where biz_id = ? order by gmt_modified desc limit 1]:0,1,1,0,8,8
2018-01-01 16:13:22[read]:0,1,1,0,10,10
2018-01-01 16:13:22[select biz_id,table_name,gmt_modified from statistics_table_controller where biz_id = ? order by gmt_modified desc limit 1]:0,1,1,0,10,10
2018-01-01 16:13:32[read]:0,1,1,0,13,13
2018-01-01 16:13:32[select biz_id,table_name,gmt_modified from statistics_table_controller where biz_id = ? order by gmt_modified desc limit 1]:0,1,1,0,13,13
2018-01-01 16:13:42[read]:0,1,1,0,31,31
2018-01-01 16:13:42[select biz_id,table_name,gmt_modified from statistics_table_controller where biz_id = ? order by gmt_modified desc limit 1]:0,1,1,0,31,31
2018-01-01 16:13:52[read]:0,1,1,0,7,7
2018-01-01 16:13:52[select biz_id,table_name,gmt_modified from statistics_table_controller where biz_id = ? order by gmt_modified desc limit 1]:0,1,1,0,7,7
