2018-01-01 16:01:06,463 [org.springframework.aop.framework.Cglib2AopProxy]-[WARN] Unable to proxy method [public final org.apache.struts.action.ActionForward action.BaseAction.execute(org.apache.struts.action.ActionMapping,org.apache.struts.action.ActionForm,javax.servlet.http.HttpServletRequest,javax.servlet.http.HttpServletResponse) throws java.lang.Exception] because it is final: All calls to this method via a proxy will be routed directly to the proxy.
2018-01-01 16:01:06,542 [org.springframework.aop.framework.Cglib2AopProxy]-[WARN] Unable to proxy method [public final org.apache.struts.action.ActionForward action.BaseAction.execute(org.apache.struts.action.ActionMapping,org.apache.struts.action.ActionForm,javax.servlet.http.HttpServletRequest,javax.servlet.http.HttpServletResponse) throws java.lang.Exception] because it is final: All calls to this method via a proxy will be routed directly to the proxy.
2018-01-01 16:01:06,571 [org.springframework.aop.framework.Cglib2AopProxy]-[WARN] Unable to proxy method [public final org.apache.struts.action.ActionForward action.BaseAction.execute(org.apache.struts.action.ActionMapping,org.apache.struts.action.ActionForm,javax.servlet.http.HttpServletRequest,javax.servlet.http.HttpServletResponse) throws java.lang.Exception] because it is final: All calls to this method via a proxy will be routed directly to the proxy.
2018-01-01 16:01:06,604 [org.springframework.aop.framework.Cglib2AopProxy]-[WARN] Unable to proxy method [public final org.apache.struts.action.ActionForward action.BaseAction.execute(org.apache.struts.action.ActionMapping,org.apache.struts.action.ActionForm,javax.servlet.http.HttpServletRequest,javax.servlet.http.HttpServletResponse) throws java.lang.Exception] because it is final: All calls to this method via a proxy will be routed directly to the proxy.
2018-01-01 16:01:06,636 [org.springframework.aop.framework.Cglib2AopProxy]-[WARN] Unable to proxy method [public final org.apache.struts.action.ActionForward action.BaseAction.execute(org.apache.struts.action.ActionMapping,org.apache.struts.action.ActionForm,javax.servlet.http.HttpServletRequest,javax.servlet.http.HttpServletResponse) throws java.lang.Exception] because it is final: All calls to this method via a proxy will be routed directly to the proxy.
2018-01-01 16:01:06,672 [org.springframework.aop.framework.Cglib2AopProxy]-[WARN] Unable to proxy method [public final org.apache.struts.action.ActionForward action.BaseAction.execute(org.apache.struts.action.ActionMapping,org.apache.struts.action.ActionForm,javax.servlet.http.HttpServletRequest,javax.servlet.http.HttpServletResponse) throws java.lang.Exception] because it is final: All calls to this method via a proxy will be routed directly to the proxy.
2018-01-01 16:01:06,693 [org.springframework.aop.framework.Cglib2AopProxy]-[WARN] Unable to proxy method [public final org.apache.struts.action.ActionForward action.BaseAction.execute(org.apache.struts.action.ActionMapping,org.apache.struts.action.ActionForm,javax.servlet.http.HttpServletRequest,javax.servlet.http.HttpServletResponse) throws java.lang.Exception] because it is final: All calls to this method via a proxy will be routed directly to the proxy.
2018-01-01 16:01:06,721 [org.springframework.aop.framework.Cglib2AopProxy]-[WARN] Unable to proxy method [public final org.apache.struts.action.ActionForward action.BaseAction.execute(org.apache.struts.action.ActionMapping,org.apache.struts.action.ActionForm,javax.servlet.http.HttpServletRequest,javax.servlet.http.HttpServletResponse) throws java.lang.Exception] because it is final: All calls to this method via a proxy will be routed directly to the proxy.
2018-01-01 16:01:06,748 [org.springframework.aop.framework.Cglib2AopProxy]-[WARN] Unable to proxy method [public final org.apache.struts.action.ActionForward action.BaseAction.execute(org.apache.struts.action.ActionMapping,org.apache.struts.action.ActionForm,javax.servlet.http.HttpServletRequest,javax.servlet.http.HttpServletResponse) throws java.lang.Exception] because it is final: All calls to this method via a proxy will be routed directly to the proxy.
2018-01-01 16:01:06,780 [org.springframework.aop.framework.Cglib2AopProxy]-[WARN] Unable to proxy method [public final org.apache.struts.action.ActionForward action.BaseAction.execute(org.apache.struts.action.ActionMapping,org.apache.struts.action.ActionForm,javax.servlet.http.HttpServletRequest,javax.servlet.http.HttpServletResponse) throws java.lang.Exception] because it is final: All calls to this method via a proxy will be routed directly to the proxy.
2018-01-01 16:01:06,806 [org.springframework.aop.framework.Cglib2AopProxy]-[WARN] Unable to proxy method [public final org.apache.struts.action.ActionForward action.BaseAction.execute(org.apache.struts.action.ActionMapping,org.apache.struts.action.ActionForm,javax.servlet.http.HttpServletRequest,javax.servlet.http.HttpServletResponse) throws java.lang.Exception] because it is final: All calls to this method via a proxy will be routed directly to the proxy.
2018-01-01 16:01:06,832 [org.springframework.aop.framework.Cglib2AopProxy]-[WARN] Unable to proxy method [public final org.apache.struts.action.ActionForward action.BaseAction.execute(org.apache.struts.action.ActionMapping,org.apache.struts.action.ActionForm,javax.servlet.http.HttpServletRequest,javax.servlet.http.HttpServletResponse) throws java.lang.Exception] because it is final: All calls to this method via a proxy will be routed directly to the proxy.
2018-01-01 16:01:06,870 [org.springframework.aop.framework.Cglib2AopProxy]-[WARN] Unable to proxy method [public final org.apache.struts.action.ActionForward action.BaseAction.execute(org.apache.struts.action.ActionMapping,org.apache.struts.action.ActionForm,javax.servlet.http.HttpServletRequest,javax.servlet.http.HttpServletResponse) throws java.lang.Exception] because it is final: All calls to this method via a proxy will be routed directly to the proxy.
2018-01-01 16:01:06,893 [org.springframework.aop.framework.Cglib2AopProxy]-[WARN] Unable to proxy method [public final org.apache.struts.action.ActionForward action.BaseAction.execute(org.apache.struts.action.ActionMapping,org.apache.struts.action.ActionForm,javax.servlet.http.HttpServletRequest,javax.servlet.http.HttpServletResponse) throws java.lang.Exception] because it is final: All calls to this method via a proxy will be routed directly to the proxy.
2018-01-01 16:01:06,924 [org.springframework.aop.framework.Cglib2AopProxy]-[WARN] Unable to proxy method [public final org.apache.struts.action.ActionForward action.BaseAction.execute(org.apache.struts.action.ActionMapping,org.apache.struts.action.ActionForm,javax.servlet.http.HttpServletRequest,javax.servlet.http.HttpServletResponse) throws java.lang.Exception] because it is final: All calls to this method via a proxy will be routed directly to the proxy.
2018-01-01 16:01:06,952 [org.springframework.aop.framework.Cglib2AopProxy]-[WARN] Unable to proxy method [public final org.apache.struts.action.ActionForward action.BaseAction.execute(org.apache.struts.action.ActionMapping,org.apache.struts.action.ActionForm,javax.servlet.http.HttpServletRequest,javax.servlet.http.HttpServletResponse) throws java.lang.Exception] because it is final: All calls to this method via a proxy will be routed directly to the proxy.
2018-01-01 16:01:06,974 [org.springframework.aop.framework.Cglib2AopProxy]-[WARN] Unable to proxy method [public final org.apache.struts.action.ActionForward action.BaseAction.execute(org.apache.struts.action.ActionMapping,org.apache.struts.action.ActionForm,javax.servlet.http.HttpServletRequest,javax.servlet.http.HttpServletResponse) throws java.lang.Exception] because it is final: All calls to this method via a proxy will be routed directly to the proxy.
2018-01-01 16:07:56,395 [action.BaseAction]-[WARN] Could not open JDBC Connection for transaction; nested exception is org.apache.commons.dbcp.SQLNestedException: Cannot create PoolableConnectionFactory (Unknown database 'anynote')
org.springframework.transaction.CannotCreateTransactionException: Could not open JDBC Connection for transaction; nested exception is org.apache.commons.dbcp.SQLNestedException: Cannot create PoolableConnectionFactory (Unknown database 'anynote')
	at org.springframework.jdbc.datasource.DataSourceTransactionManager.doBegin(DataSourceTransactionManager.java:238)
	at org.springframework.transaction.support.AbstractPlatformTransactionManager.getTransaction(AbstractPlatformTransactionManager.java:374)
	at org.springframework.transaction.interceptor.TransactionAspectSupport.createTransactionIfNecessary(TransactionAspectSupport.java:263)
	at org.springframework.transaction.interceptor.TransactionInterceptor.invoke(TransactionInterceptor.java:101)
	at org.springframework.aop.framework.ReflectiveMethodInvocation.proceed(ReflectiveMethodInvocation.java:171)
	at org.springframework.aop.framework.Cglib2AopProxy$DynamicAdvisedInterceptor.intercept(Cglib2AopProxy.java:635)
	at action.LoginAction$$EnhancerByCGLIB$$403e040f.isCancelled(<generated>)
	at org.apache.struts.actions.DispatchAction.execute(DispatchAction.java:145)
	at action.BaseAction.execute(BaseAction.java:34)
	at org.springframework.web.struts.DelegatingActionProxy.execute(DelegatingActionProxy.java:110)
	at org.apache.struts.chain.commands.servlet.ExecuteAction.execute(ExecuteAction.java:58)
	at org.apache.struts.chain.commands.AbstractExecuteAction.execute(AbstractExecuteAction.java:67)
	at org.apache.struts.chain.commands.ActionCommandBase.execute(ActionCommandBase.java:51)
	at org.apache.commons.chain.impl.ChainBase.execute(ChainBase.java:191)
	at org.apache.commons.chain.generic.LookupCommand.execute(LookupCommand.java:305)
	at org.apache.commons.chain.impl.ChainBase.execute(ChainBase.java:191)
	at org.apache.struts.chain.ComposableRequestProcessor.process(ComposableRequestProcessor.java:283)
	at org.apache.struts.action.ActionServlet.process(ActionServlet.java:1913)
	at org.apache.struts.action.ActionServlet.doPost(ActionServlet.java:462)
	at javax.servlet.http.HttpServlet.service(HttpServlet.java:661)
	at javax.servlet.http.HttpServlet.service(HttpServlet.java:742)
	at org.apache.catalina.core.ApplicationFilterChain.internalDoFilter(ApplicationFilterChain.java:231)
	at org.apache.catalina.core.ApplicationFilterChain.doFilter(ApplicationFilterChain.java:166)
	at org.apache.tomcat.websocket.server.WsFilter.doFilter(WsFilter.java:52)
	at org.apache.catalina.core.ApplicationFilterChain.internalDoFilter(ApplicationFilterChain.java:193)
	at org.apache.catalina.core.ApplicationFilterChain.doFilter(ApplicationFilterChain.java:166)
	at global.filter.LoginFilter.doFilter(LoginFilter.java:63)
	at org.apache.catalina.core.ApplicationFilterChain.internalDoFilter(ApplicationFilterChain.java:193)
	at org.apache.catalina.core.ApplicationFilterChain.doFilter(ApplicationFilterChain.java:166)
	at org.springframework.web.filter.CharacterEncodingFilter.doFilterInternal(CharacterEncodingFilter.java:96)
	at org.springframework.web.filter.OncePerRequestFilter.doFilter(OncePerRequestFilter.java:76)
	at org.apache.catalina.core.ApplicationFilterChain.internalDoFilter(ApplicationFilterChain.java:193)
	at org.apache.catalina.core.ApplicationFilterChain.doFilter(ApplicationFilterChain.java:166)
	at org.apache.catalina.core.StandardWrapperValve.invoke(StandardWrapperValve.java:198)
	at org.apache.catalina.core.StandardContextValve.invoke(StandardContextValve.java:96)
	at org.apache.catalina.authenticator.AuthenticatorBase.invoke(AuthenticatorBase.java:478)
	at org.apache.catalina.core.StandardHostValve.invoke(StandardHostValve.java:140)
	at org.apache.catalina.valves.ErrorReportValve.invoke(ErrorReportValve.java:80)
	at org.apache.catalina.valves.AbstractAccessLogValve.invoke(AbstractAccessLogValve.java:650)
	at org.apache.catalina.core.StandardEngineValve.invoke(StandardEngineValve.java:87)
	at org.apache.catalina.connector.CoyoteAdapter.service(CoyoteAdapter.java:342)
	at org.apache.coyote.http11.Http11Processor.service(Http11Processor.java:799)
	at org.apache.coyote.AbstractProcessorLight.process(AbstractProcessorLight.java:66)
	at org.apache.coyote.AbstractProtocol$ConnectionHandler.process(AbstractProtocol.java:868)
	at org.apache.tomcat.util.net.NioEndpoint$SocketProcessor.doRun(NioEndpoint.java:1457)
	at org.apache.tomcat.util.net.SocketProcessorBase.run(SocketProcessorBase.java:49)
	at java.util.concurrent.ThreadPoolExecutor.runWorker(ThreadPoolExecutor.java:1149)
	at java.util.concurrent.ThreadPoolExecutor$Worker.run(ThreadPoolExecutor.java:624)
	at org.apache.tomcat.util.threads.TaskThread$WrappingRunnable.run(TaskThread.java:61)
	at java.lang.Thread.run(Thread.java:748)
Caused by: org.apache.commons.dbcp.SQLNestedException: Cannot create PoolableConnectionFactory (Unknown database 'anynote')
	at org.apache.commons.dbcp.BasicDataSource.createPoolableConnectionFactory(BasicDataSource.java:1549)
	at org.apache.commons.dbcp.BasicDataSource.createDataSource(BasicDataSource.java:1388)
	at org.apache.commons.dbcp.BasicDataSource.getConnection(BasicDataSource.java:1044)
	at org.springframework.jdbc.datasource.DataSourceTransactionManager.doBegin(DataSourceTransactionManager.java:200)
	... 49 more
Caused by: com.mysql.jdbc.exceptions.jdbc4.MySQLSyntaxErrorException: Unknown database 'anynote'
	at sun.reflect.NativeConstructorAccessorImpl.newInstance0(Native Method)
	at sun.reflect.NativeConstructorAccessorImpl.newInstance(NativeConstructorAccessorImpl.java:62)
	at sun.reflect.DelegatingConstructorAccessorImpl.newInstance(DelegatingConstructorAccessorImpl.java:45)
	at java.lang.reflect.Constructor.newInstance(Constructor.java:423)
	at com.mysql.jdbc.Util.handleNewInstance(Util.java:406)
	at com.mysql.jdbc.Util.getInstance(Util.java:381)
	at com.mysql.jdbc.SQLError.createSQLException(SQLError.java:1030)
	at com.mysql.jdbc.SQLError.createSQLException(SQLError.java:956)
	at com.mysql.jdbc.MysqlIO.checkErrorPacket(MysqlIO.java:3515)
	at com.mysql.jdbc.MysqlIO.checkErrorPacket(MysqlIO.java:3447)
	at com.mysql.jdbc.MysqlIO.checkErrorPacket(MysqlIO.java:911)
	at com.mysql.jdbc.MysqlIO.secureAuth411(MysqlIO.java:3953)
	at com.mysql.jdbc.MysqlIO.doHandshake(MysqlIO.java:1276)
	at com.mysql.jdbc.ConnectionImpl.createNewIO(ConnectionImpl.java:2048)
	at com.mysql.jdbc.ConnectionImpl.<init>(ConnectionImpl.java:723)
	at com.mysql.jdbc.JDBC4Connection.<init>(JDBC4Connection.java:46)
	at sun.reflect.NativeConstructorAccessorImpl.newInstance0(Native Method)
	at sun.reflect.NativeConstructorAccessorImpl.newInstance(NativeConstructorAccessorImpl.java:62)
	at sun.reflect.DelegatingConstructorAccessorImpl.newInstance(DelegatingConstructorAccessorImpl.java:45)
	at java.lang.reflect.Constructor.newInstance(Constructor.java:423)
	at com.mysql.jdbc.Util.handleNewInstance(Util.java:406)
	at com.mysql.jdbc.ConnectionImpl.getInstance(ConnectionImpl.java:302)
	at com.mysql.jdbc.NonRegisteringDriver.connect(NonRegisteringDriver.java:282)
	at org.apache.commons.dbcp.DriverConnectionFactory.createConnection(DriverConnectionFactory.java:38)
	at org.apache.commons.dbcp.PoolableConnectionFactory.makeObject(PoolableConnectionFactory.java:582)
	at org.apache.commons.dbcp.BasicDataSource.validateConnectionFactory(BasicDataSource.java:1556)
	at org.apache.commons.dbcp.BasicDataSource.createPoolableConnectionFactory(BasicDataSource.java:1545)
	... 52 more
2018-01-01 16:08:50,654 [action.BaseAction]-[WARN] Could not open JDBC Connection for transaction; nested exception is org.apache.commons.dbcp.SQLNestedException: Cannot create PoolableConnectionFactory (Unknown database 'anynote')
org.springframework.transaction.CannotCreateTransactionException: Could not open JDBC Connection for transaction; nested exception is org.apache.commons.dbcp.SQLNestedException: Cannot create PoolableConnectionFactory (Unknown database 'anynote')
	at org.springframework.jdbc.datasource.DataSourceTransactionManager.doBegin(DataSourceTransactionManager.java:238)
	at org.springframework.transaction.support.AbstractPlatformTransactionManager.getTransaction(AbstractPlatformTransactionManager.java:374)
	at org.springframework.transaction.interceptor.TransactionAspectSupport.createTransactionIfNecessary(TransactionAspectSupport.java:263)
	at org.springframework.transaction.interceptor.TransactionInterceptor.invoke(TransactionInterceptor.java:101)
	at org.springframework.aop.framework.ReflectiveMethodInvocation.proceed(ReflectiveMethodInvocation.java:171)
	at org.springframework.aop.framework.Cglib2AopProxy$DynamicAdvisedInterceptor.intercept(Cglib2AopProxy.java:635)
	at action.LoginAction$$EnhancerByCGLIB$$403e040f.isCancelled(<generated>)
	at org.apache.struts.actions.DispatchAction.execute(DispatchAction.java:145)
	at action.BaseAction.execute(BaseAction.java:34)
	at org.springframework.web.struts.DelegatingActionProxy.execute(DelegatingActionProxy.java:110)
	at org.apache.struts.chain.commands.servlet.ExecuteAction.execute(ExecuteAction.java:58)
	at org.apache.struts.chain.commands.AbstractExecuteAction.execute(AbstractExecuteAction.java:67)
	at org.apache.struts.chain.commands.ActionCommandBase.execute(ActionCommandBase.java:51)
	at org.apache.commons.chain.impl.ChainBase.execute(ChainBase.java:191)
	at org.apache.commons.chain.generic.LookupCommand.execute(LookupCommand.java:305)
	at org.apache.commons.chain.impl.ChainBase.execute(ChainBase.java:191)
	at org.apache.struts.chain.ComposableRequestProcessor.process(ComposableRequestProcessor.java:283)
	at org.apache.struts.action.ActionServlet.process(ActionServlet.java:1913)
	at org.apache.struts.action.ActionServlet.doPost(ActionServlet.java:462)
	at javax.servlet.http.HttpServlet.service(HttpServlet.java:661)
	at javax.servlet.http.HttpServlet.service(HttpServlet.java:742)
	at org.apache.catalina.core.ApplicationFilterChain.internalDoFilter(ApplicationFilterChain.java:231)
	at org.apache.catalina.core.ApplicationFilterChain.doFilter(ApplicationFilterChain.java:166)
	at org.apache.tomcat.websocket.server.WsFilter.doFilter(WsFilter.java:52)
	at org.apache.catalina.core.ApplicationFilterChain.internalDoFilter(ApplicationFilterChain.java:193)
	at org.apache.catalina.core.ApplicationFilterChain.doFilter(ApplicationFilterChain.java:166)
	at global.filter.LoginFilter.doFilter(LoginFilter.java:63)
	at org.apache.catalina.core.ApplicationFilterChain.internalDoFilter(ApplicationFilterChain.java:193)
	at org.apache.catalina.core.ApplicationFilterChain.doFilter(ApplicationFilterChain.java:166)
	at org.springframework.web.filter.CharacterEncodingFilter.doFilterInternal(CharacterEncodingFilter.java:96)
	at org.springframework.web.filter.OncePerRequestFilter.doFilter(OncePerRequestFilter.java:76)
	at org.apache.catalina.core.ApplicationFilterChain.internalDoFilter(ApplicationFilterChain.java:193)
	at org.apache.catalina.core.ApplicationFilterChain.doFilter(ApplicationFilterChain.java:166)
	at org.apache.catalina.core.StandardWrapperValve.invoke(StandardWrapperValve.java:198)
	at org.apache.catalina.core.StandardContextValve.invoke(StandardContextValve.java:96)
	at org.apache.catalina.authenticator.AuthenticatorBase.invoke(AuthenticatorBase.java:478)
	at org.apache.catalina.core.StandardHostValve.invoke(StandardHostValve.java:140)
	at org.apache.catalina.valves.ErrorReportValve.invoke(ErrorReportValve.java:80)
	at org.apache.catalina.valves.AbstractAccessLogValve.invoke(AbstractAccessLogValve.java:650)
	at org.apache.catalina.core.StandardEngineValve.invoke(StandardEngineValve.java:87)
	at org.apache.catalina.connector.CoyoteAdapter.service(CoyoteAdapter.java:342)
	at org.apache.coyote.http11.Http11Processor.service(Http11Processor.java:799)
	at org.apache.coyote.AbstractProcessorLight.process(AbstractProcessorLight.java:66)
	at org.apache.coyote.AbstractProtocol$ConnectionHandler.process(AbstractProtocol.java:868)
	at org.apache.tomcat.util.net.NioEndpoint$SocketProcessor.doRun(NioEndpoint.java:1457)
	at org.apache.tomcat.util.net.SocketProcessorBase.run(SocketProcessorBase.java:49)
	at java.util.concurrent.ThreadPoolExecutor.runWorker(ThreadPoolExecutor.java:1149)
	at java.util.concurrent.ThreadPoolExecutor$Worker.run(ThreadPoolExecutor.java:624)
	at org.apache.tomcat.util.threads.TaskThread$WrappingRunnable.run(TaskThread.java:61)
	at java.lang.Thread.run(Thread.java:748)
Caused by: org.apache.commons.dbcp.SQLNestedException: Cannot create PoolableConnectionFactory (Unknown database 'anynote')
	at org.apache.commons.dbcp.BasicDataSource.createPoolableConnectionFactory(BasicDataSource.java:1549)
	at org.apache.commons.dbcp.BasicDataSource.createDataSource(BasicDataSource.java:1388)
	at org.apache.commons.dbcp.BasicDataSource.getConnection(BasicDataSource.java:1044)
	at org.springframework.jdbc.datasource.DataSourceTransactionManager.doBegin(DataSourceTransactionManager.java:200)
	... 49 more
Caused by: com.mysql.jdbc.exceptions.jdbc4.MySQLSyntaxErrorException: Unknown database 'anynote'
	at sun.reflect.NativeConstructorAccessorImpl.newInstance0(Native Method)
	at sun.reflect.NativeConstructorAccessorImpl.newInstance(NativeConstructorAccessorImpl.java:62)
	at sun.reflect.DelegatingConstructorAccessorImpl.newInstance(DelegatingConstructorAccessorImpl.java:45)
	at java.lang.reflect.Constructor.newInstance(Constructor.java:423)
	at com.mysql.jdbc.Util.handleNewInstance(Util.java:406)
	at com.mysql.jdbc.Util.getInstance(Util.java:381)
	at com.mysql.jdbc.SQLError.createSQLException(SQLError.java:1030)
	at com.mysql.jdbc.SQLError.createSQLException(SQLError.java:956)
	at com.mysql.jdbc.MysqlIO.checkErrorPacket(MysqlIO.java:3515)
	at com.mysql.jdbc.MysqlIO.checkErrorPacket(MysqlIO.java:3447)
	at com.mysql.jdbc.MysqlIO.checkErrorPacket(MysqlIO.java:911)
	at com.mysql.jdbc.MysqlIO.secureAuth411(MysqlIO.java:3953)
	at com.mysql.jdbc.MysqlIO.doHandshake(MysqlIO.java:1276)
	at com.mysql.jdbc.ConnectionImpl.createNewIO(ConnectionImpl.java:2048)
	at com.mysql.jdbc.ConnectionImpl.<init>(ConnectionImpl.java:723)
	at com.mysql.jdbc.JDBC4Connection.<init>(JDBC4Connection.java:46)
	at sun.reflect.NativeConstructorAccessorImpl.newInstance0(Native Method)
	at sun.reflect.NativeConstructorAccessorImpl.newInstance(NativeConstructorAccessorImpl.java:62)
	at sun.reflect.DelegatingConstructorAccessorImpl.newInstance(DelegatingConstructorAccessorImpl.java:45)
	at java.lang.reflect.Constructor.newInstance(Constructor.java:423)
	at com.mysql.jdbc.Util.handleNewInstance(Util.java:406)
	at com.mysql.jdbc.ConnectionImpl.getInstance(ConnectionImpl.java:302)
	at com.mysql.jdbc.NonRegisteringDriver.connect(NonRegisteringDriver.java:282)
	at org.apache.commons.dbcp.DriverConnectionFactory.createConnection(DriverConnectionFactory.java:38)
	at org.apache.commons.dbcp.PoolableConnectionFactory.makeObject(PoolableConnectionFactory.java:582)
	at org.apache.commons.dbcp.BasicDataSource.validateConnectionFactory(BasicDataSource.java:1556)
	at org.apache.commons.dbcp.BasicDataSource.createPoolableConnectionFactory(BasicDataSource.java:1545)
	... 52 more
