2018-01-01 16:01:34  redis:com.shandiangou.common.cache.impl.ItemRedisCache.getName:0,2,2,0,9,19
2018-01-01 16:01:34  DB:com.shandiangou.itemcenter.platform.dao.read.itemcenter.CatReadDAO.queryExtraByCondition:0,1,1,0,382,382
2018-01-01 16:01:44  DB:com.shandiangou.itemcenter.component.dao.read.itemcenter.FrontCatReadDAO.queryFrontCatExtraByCondition:0,1,1,0,58,58
2018-01-01 16:01:44  DB:com.shandiangou.itemcenter.dao.CornerMarkDAO.loadAll:0,1,1,0,13,13
2018-01-01 16:01:44  DB:com.shandiangou.itemcenter.platform.dao.read.itemcenter.CatReadDAO.queryExtraByCondition:0,3,3,0,62,78
2018-01-01 16:01:44  DB:com.shandiangou.itemcenter.component.dao.read.itemcenter.CatRelationReadDAO.queryCatRelationExtraByCondition:0,1,1,0,80,80
2018-01-01 16:01:44  DB:com.shandiangou.itemstat.dao.StatisticsTableControllerDAO.getLastDoneDataStatus:0,1,1,0,11,11
2018-01-01 16:01:54  DB:com.shandiangou.itemstat.dao.StatisticsTableControllerDAO.getLastDoneDataStatus:0,1,1,0,13,13
2018-01-01 16:02:04  DB:com.shandiangou.itemstat.dao.StatisticsTableControllerDAO.getLastDoneDataStatus:0,1,1,0,43,43
2018-01-01 16:02:14  DB:com.shandiangou.itemstat.dao.StatisticsTableControllerDAO.getLastDoneDataStatus:0,1,1,0,15,15
2018-01-01 16:02:24  DB:com.shandiangou.itemstat.dao.StatisticsTableControllerDAO.getLastDoneDataStatus:0,1,1,0,338,338
2018-01-01 16:02:34  DB:com.shandiangou.itemstat.dao.StatisticsTableControllerDAO.getLastDoneDataStatus:0,1,1,0,313,313
2018-01-01 16:02:44  DB:com.shandiangou.itemstat.dao.StatisticsTableControllerDAO.getLastDoneDataStatus:0,1,1,0,14,14
2018-01-01 16:02:54  DB:com.shandiangou.itemstat.dao.StatisticsTableControllerDAO.getLastDoneDataStatus:0,1,1,0,10,10
2018-01-01 16:03:04  DB:com.shandiangou.itemstat.dao.StatisticsTableControllerDAO.getLastDoneDataStatus:0,1,1,0,12,12
2018-01-01 16:03:14  DB:com.shandiangou.itemstat.dao.StatisticsTableControllerDAO.getLastDoneDataStatus:0,1,1,0,11,11
2018-01-01 16:03:24  DB:com.shandiangou.itemstat.dao.StatisticsTableControllerDAO.getLastDoneDataStatus:0,1,1,0,12,12
2018-01-01 16:03:34  DB:com.shandiangou.itemstat.dao.StatisticsTableControllerDAO.getLastDoneDataStatus:0,1,1,0,10,10
2018-01-01 16:03:44  DB:com.shandiangou.itemstat.dao.StatisticsTableControllerDAO.getLastDoneDataStatus:0,1,1,0,29,29
2018-01-01 16:03:54  DB:com.shandiangou.itemstat.dao.StatisticsTableControllerDAO.getLastDoneDataStatus:0,1,1,0,10,10
2018-01-01 16:04:04  DB:com.shandiangou.itemstat.dao.StatisticsTableControllerDAO.getLastDoneDataStatus:0,1,1,0,9,9
2018-01-01 16:04:14  DB:com.shandiangou.itemstat.dao.StatisticsTableControllerDAO.getLastDoneDataStatus:0,1,1,0,10,10
2018-01-01 16:04:24  DB:com.shandiangou.itemstat.dao.StatisticsTableControllerDAO.getLastDoneDataStatus:0,1,1,0,11,11
2018-01-01 16:04:34  DB:com.shandiangou.itemstat.dao.StatisticsTableControllerDAO.getLastDoneDataStatus:0,1,1,0,16,16
2018-01-01 16:04:44  DB:com.shandiangou.itemstat.dao.StatisticsTableControllerDAO.getLastDoneDataStatus:0,1,1,0,17,17
2018-01-01 16:04:54  DB:com.shandiangou.itemstat.dao.StatisticsTableControllerDAO.getLastDoneDataStatus:0,1,1,0,9,9
2018-01-01 16:05:04  DB:com.shandiangou.itemstat.dao.StatisticsTableControllerDAO.getLastDoneDataStatus:0,1,1,0,10,10
2018-01-01 16:05:14  DB:com.shandiangou.itemstat.dao.StatisticsTableControllerDAO.getLastDoneDataStatus:0,1,1,0,10,10
2018-01-01 16:05:24  DB:com.shandiangou.itemstat.dao.StatisticsTableControllerDAO.getLastDoneDataStatus:0,1,1,0,34,34
2018-01-01 16:05:34  DB:com.shandiangou.itemstat.dao.StatisticsTableControllerDAO.getLastDoneDataStatus:0,1,1,0,11,11
2018-01-01 16:05:44  DB:com.shandiangou.itemstat.dao.StatisticsTableControllerDAO.getLastDoneDataStatus:0,1,1,0,20,20
2018-01-01 16:05:54  DB:com.shandiangou.itemstat.dao.StatisticsTableControllerDAO.getLastDoneDataStatus:0,1,1,0,11,11
2018-01-01 16:06:04  DB:com.shandiangou.itemstat.dao.StatisticsTableControllerDAO.getLastDoneDataStatus:0,1,1,0,8,8
2018-01-01 16:06:14  DB:com.shandiangou.itemstat.dao.StatisticsTableControllerDAO.getLastDoneDataStatus:0,1,1,0,20,20
2018-01-01 16:06:24  DB:com.shandiangou.itemstat.dao.StatisticsTableControllerDAO.getLastDoneDataStatus:0,1,1,0,11,11
2018-01-01 16:06:58  DB:com.shandiangou.itemstat.dao.StatisticsTableControllerDAO.getLastDoneDataStatus:0,1,1,0,11,11
2018-01-01 16:07:04  DB:com.shandiangou.itemstat.dao.StatisticsTableControllerDAO.getLastDoneDataStatus:0,1,1,0,10,10
2018-01-01 16:07:14  DB:com.shandiangou.itemstat.dao.StatisticsTableControllerDAO.getLastDoneDataStatus:0,1,1,0,30,30
2018-01-01 16:07:24  DB:com.shandiangou.itemstat.dao.StatisticsTableControllerDAO.getLastDoneDataStatus:0,1,1,0,8,8
2018-01-01 16:07:34  DB:com.shandiangou.itemstat.dao.StatisticsTableControllerDAO.getLastDoneDataStatus:0,1,1,0,17,17
2018-01-01 16:07:44  DB:com.shandiangou.itemstat.dao.StatisticsTableControllerDAO.getLastDoneDataStatus:0,1,1,0,10,10
2018-01-01 16:07:54  DB:com.shandiangou.itemstat.dao.StatisticsTableControllerDAO.getLastDoneDataStatus:0,1,1,0,11,11
2018-01-01 16:08:04  DB:com.shandiangou.itemstat.dao.StatisticsTableControllerDAO.getLastDoneDataStatus:0,1,1,0,13,13
2018-01-01 16:08:14  DB:com.shandiangou.itemstat.dao.StatisticsTableControllerDAO.getLastDoneDataStatus:0,1,1,0,19,19
2018-01-01 16:08:24  DB:com.shandiangou.itemstat.dao.StatisticsTableControllerDAO.getLastDoneDataStatus:0,1,1,0,9,9
2018-01-01 16:08:34  DB:com.shandiangou.itemstat.dao.StatisticsTableControllerDAO.getLastDoneDataStatus:0,1,1,0,9,9
2018-01-01 16:08:44  DB:com.shandiangou.itemstat.dao.StatisticsTableControllerDAO.getLastDoneDataStatus:0,1,1,0,338,338
2018-01-01 16:08:54  DB:com.shandiangou.itemstat.dao.StatisticsTableControllerDAO.getLastDoneDataStatus:0,1,1,0,44,44
2018-01-01 16:09:04  DB:com.shandiangou.itemstat.dao.StatisticsTableControllerDAO.getLastDoneDataStatus:0,1,1,0,34,34
2018-01-01 16:09:14  DB:com.shandiangou.itemstat.dao.StatisticsTableControllerDAO.getLastDoneDataStatus:0,1,1,0,8,8
2018-01-01 16:09:24  TMQ_submsg:0,3,3,0,24,27
2018-01-01 16:09:24  DB:com.shandiangou.itemstat.dao.StatisticsTableControllerDAO.getLastDoneDataStatus:0,1,1,0,12,12
2018-01-01 16:09:34  DB:com.shandiangou.itemstat.dao.StatisticsTableControllerDAO.getLastDoneDataStatus:0,1,1,0,12,12
2018-01-01 16:09:44  DB:com.shandiangou.itemstat.dao.StatisticsTableControllerDAO.getLastDoneDataStatus:0,1,1,0,23,23
2018-01-01 16:09:54  TMQ_submsg:0,3,3,0,0,1
2018-01-01 16:09:54  DB:com.shandiangou.itemstat.dao.StatisticsTableControllerDAO.getLastDoneDataStatus:0,1,1,0,8,8
2018-01-01 16:10:04  TMQ_submsg:0,5,5,0,0,1
2018-01-01 16:10:04  DB:com.shandiangou.itemstat.dao.StatisticsTableControllerDAO.getLastDoneDataStatus:0,1,1,0,11,11
2018-01-01 16:10:14  TMQ_submsg:0,4,4,0,0,0
2018-01-01 16:10:14  DB:com.shandiangou.itemstat.dao.StatisticsTableControllerDAO.getLastDoneDataStatus:0,1,1,0,8,8
2018-01-01 16:10:24  DB:com.shandiangou.itemstat.dao.StatisticsTableControllerDAO.getLastDoneDataStatus:0,1,1,0,10,10
2018-01-01 16:10:34  DB:com.shandiangou.itemstat.dao.StatisticsTableControllerDAO.getLastDoneDataStatus:0,1,1,0,11,11
2018-01-01 16:10:44  DB:com.shandiangou.itemstat.dao.StatisticsTableControllerDAO.getLastDoneDataStatus:0,1,1,0,20,20
2018-01-01 16:10:54  DB:com.shandiangou.itemstat.dao.StatisticsTableControllerDAO.getLastDoneDataStatus:0,1,1,0,10,10
2018-01-01 16:11:04  DB:com.shandiangou.itemstat.dao.StatisticsTableControllerDAO.getLastDoneDataStatus:0,1,1,0,10,10
2018-01-01 16:11:14  DB:com.shandiangou.itemstat.dao.StatisticsTableControllerDAO.getLastDoneDataStatus:0,1,1,0,27,27
2018-01-01 16:11:24  DB:com.shandiangou.itemstat.dao.StatisticsTableControllerDAO.getLastDoneDataStatus:0,1,1,0,9,9
2018-01-01 16:11:34  DB:com.shandiangou.itemstat.dao.StatisticsTableControllerDAO.getLastDoneDataStatus:0,1,1,0,10,10
2018-01-01 16:11:44  DB:com.shandiangou.itemstat.dao.StatisticsTableControllerDAO.getLastDoneDataStatus:0,1,1,0,9,9
2018-01-01 16:11:54  DB:com.shandiangou.itemstat.dao.StatisticsTableControllerDAO.getLastDoneDataStatus:0,1,1,0,9,9
2018-01-01 16:12:04  DB:com.shandiangou.itemstat.dao.StatisticsTableControllerDAO.getLastDoneDataStatus:0,1,1,0,10,10
2018-01-01 16:12:14  DB:com.shandiangou.itemstat.dao.StatisticsTableControllerDAO.getLastDoneDataStatus:0,1,1,0,11,11
2018-01-01 16:12:24  DB:com.shandiangou.itemstat.dao.StatisticsTableControllerDAO.getLastDoneDataStatus:0,1,1,0,9,9
2018-01-01 16:12:34  DB:com.shandiangou.itemstat.dao.StatisticsTableControllerDAO.getLastDoneDataStatus:0,1,1,0,9,9
2018-01-01 16:12:44  DB:com.shandiangou.itemstat.dao.StatisticsTableControllerDAO.getLastDoneDataStatus:0,1,1,0,10,10
2018-01-01 16:12:54  DB:com.shandiangou.itemstat.dao.StatisticsTableControllerDAO.getLastDoneDataStatus:0,1,1,0,8,8
2018-01-01 16:13:04  DB:com.shandiangou.itemstat.dao.StatisticsTableControllerDAO.getLastDoneDataStatus:0,1,1,0,12,12
2018-01-01 16:13:14  DB:com.shandiangou.itemstat.dao.StatisticsTableControllerDAO.getLastDoneDataStatus:0,1,1,0,10,10
2018-01-01 16:13:24  DB:com.shandiangou.itemstat.dao.StatisticsTableControllerDAO.getLastDoneDataStatus:0,1,1,0,13,13
2018-01-01 16:13:34  DB:com.shandiangou.itemstat.dao.StatisticsTableControllerDAO.getLastDoneDataStatus:0,1,1,0,33,33
2018-01-01 16:13:44  DB:com.shandiangou.itemstat.dao.StatisticsTableControllerDAO.getLastDoneDataStatus:0,1,1,0,7,7
